<?xml version="1.0" encoding="UTF-8"?>
<testng-results skipped="0" failed="0" total="6" passed="6">
  <reporter-output>
  </reporter-output>
  <suite name="Code Theory" duration-ms="35439" started-at="2016-07-08T18:45:57Z" finished-at="2016-07-08T18:46:32Z">
    <groups>
    </groups>
    <test name="Sweety App" duration-ms="35439" started-at="2016-07-08T18:45:57Z" finished-at="2016-07-08T18:46:32Z">
      <class name="Tests.Sweety">
        <test-method status="PASS" signature="beforeTest()[pri:0, instance:Tests.Sweety@1f03bb1]" name="beforeTest" is-config="true" duration-ms="25258" started-at="2016-07-09T00:15:57Z" finished-at="2016-07-09T00:16:22Z">
          <reporter-output>
          </reporter-output>
        </test-method> <!-- beforeTest -->
        <test-method status="PASS" signature="loginPositive(java.lang.String, java.lang.String)[pri:0, instance:Tests.Sweety@1f03bb1]" name="loginPositive" duration-ms="2413" started-at="2016-07-09T00:16:22Z" finished-at="2016-07-09T00:16:24Z">
          <params>
            <param index="0">
              <value>
                <![CDATA[seemae702@gmail.com]]>
              </value>
            </param>
            <param index="1">
              <value>
                <![CDATA[codetheoryio]]>
              </value>
            </param>
          </params>
          <reporter-output>
          </reporter-output>
        </test-method> <!-- loginPositive -->
        <test-method status="PASS" signature="addLevelEntryPositive(java.lang.String, java.lang.String, java.lang.String)[pri:0, instance:Tests.Sweety@1f03bb1]" name="addLevelEntryPositive" duration-ms="2848" started-at="2016-07-09T00:16:25Z" finished-at="2016-07-09T00:16:27Z">
          <params>
            <param index="0">
              <value>
                <![CDATA[7/9/2016]]>
              </value>
            </param>
            <param index="1">
              <value>
                <![CDATA[15:01]]>
              </value>
            </param>
            <param index="2">
              <value>
                <![CDATA[140,45]]>
              </value>
            </param>
          </params>
          <reporter-output>
          </reporter-output>
        </test-method> <!-- addLevelEntryPositive -->
        <test-method status="PASS" signature="validateLevelEntries(java.lang.String, java.lang.String, java.lang.String)[pri:0, instance:Tests.Sweety@1f03bb1]" name="validateLevelEntries" duration-ms="654" started-at="2016-07-09T00:16:27Z" finished-at="2016-07-09T00:16:28Z">
          <params>
            <param index="0">
              <value>
                <![CDATA[7/9/2016]]>
              </value>
            </param>
            <param index="1">
              <value>
                <![CDATA[15:01]]>
              </value>
            </param>
            <param index="2">
              <value>
                <![CDATA[140,45]]>
              </value>
            </param>
          </params>
          <reporter-output>
          </reporter-output>
        </test-method> <!-- validateLevelEntries -->
        <test-method status="PASS" signature="viewDailyReports(java.lang.String)[pri:0, instance:Tests.Sweety@1f03bb1]" name="viewDailyReports" duration-ms="2030" started-at="2016-07-09T00:16:28Z" finished-at="2016-07-09T00:16:30Z">
          <params>
            <param index="0">
              <value>
                <![CDATA[2016-07-07]]>
              </value>
            </param>
          </params>
          <reporter-output>
          </reporter-output>
        </test-method> <!-- viewDailyReports -->
        <test-method status="PASS" signature="viewMonthlyReports(java.lang.String)[pri:0, instance:Tests.Sweety@1f03bb1]" name="viewMonthlyReports" duration-ms="1011" started-at="2016-07-09T00:16:30Z" finished-at="2016-07-09T00:16:31Z">
          <params>
            <param index="0">
              <value>
                <![CDATA[2016-Jul]]>
              </value>
            </param>
          </params>
          <reporter-output>
          </reporter-output>
        </test-method> <!-- viewMonthlyReports -->
        <test-method status="PASS" signature="deleteLevelEntry(java.lang.String, java.lang.String, java.lang.String)[pri:0, instance:Tests.Sweety@1f03bb1]" name="deleteLevelEntry" duration-ms="1103" started-at="2016-07-09T00:16:31Z" finished-at="2016-07-09T00:16:32Z">
          <params>
            <param index="0">
              <value>
                <![CDATA[7/9/2016]]>
              </value>
            </param>
            <param index="1">
              <value>
                <![CDATA[15:01]]>
              </value>
            </param>
            <param index="2">
              <value>
                <![CDATA[140,45]]>
              </value>
            </param>
          </params>
          <reporter-output>
          </reporter-output>
        </test-method> <!-- deleteLevelEntry -->
        <test-method status="PASS" signature="afterTest()[pri:0, instance:Tests.Sweety@1f03bb1]" name="afterTest" is-config="true" duration-ms="15" started-at="2016-07-09T00:16:32Z" finished-at="2016-07-09T00:16:32Z">
          <reporter-output>
          </reporter-output>
        </test-method> <!-- afterTest -->
      </class> <!-- Tests.Sweety -->
    </test> <!-- Sweety App -->
  </suite> <!-- Code Theory -->
</testng-results>
