<?xml version="1.0" encoding="UTF-8"?>
<!-- Generated by org.testng.reporters.JUnitXMLReporter -->
<testsuite hostname="NOVO" name="Sweety App" tests="1" failures="1" timestamp="8 Jul 2016 04:21:09 GMT" time="18.801" errors="0">
  <testcase name="loginTest" time="5.186" classname="Tests.Sweety">
    <failure type="java.lang.AssertionError" message="Invalid email or password. expected [Signed in successfully.] but found [Invalid email or password.]">
      <![CDATA[java.lang.AssertionError: Invalid email or password. expected [Signed in successfully.] but found [Invalid email or password.]
	at Tests.Sweety.loginTest(Sweety.java:65)
... Removed 28 stack frames]]>
    </failure>
  </testcase> <!-- loginTest -->
</testsuite> <!-- Sweety App -->
